<?xml version="1.0" encoding="UTF-8"?>
<!-- Generated by org.testng.reporters.JUnitReportReporter -->
<testsuite skipped="0" hostname="Parvess-MacBook-Air.local" name="facebook.FacebookTestWithTestNG" tests="1" failures="0" timestamp="17 Jan 2019 03:01:28 GMT" time="11.764" errors="0">
  <testcase name="EmailAdress" time="11.764" classname="facebook.FacebookTestWithTestNG"/>
</testsuite> <!-- facebook.FacebookTestWithTestNG -->
